============================= test session starts ==============================
platform darwin -- Python 3.13.11, pytest-9.0.3, pluggy-1.6.0 -- /Users/anaderi/git/reasoning-scale2-worktrees/t0007_scope_unaware_planandsolve_library/.venv/bin/python
cachedir: .pytest_cache
rootdir: /Users/anaderi/git/reasoning-scale2-worktrees/t0007_scope_unaware_planandsolve_library
configfile: pyproject.toml
plugins: anyio-4.13.0
collecting ... collected 14 items

tasks/t0007_scope_unaware_planandsolve_library/code/test_planandsolve.py::test_trajectory_record_fields_match_canonical_tuple PASSED [  7%]
tasks/t0007_scope_unaware_planandsolve_library/code/test_planandsolve.py::test_parse_plan_simple PASSED [ 14%]
tasks/t0007_scope_unaware_planandsolve_library/code/test_planandsolve.py::test_parse_plan_continuation PASSED [ 21%]
tasks/t0007_scope_unaware_planandsolve_library/code/test_planandsolve.py::test_parse_plan_paren_separator PASSED [ 28%]
tasks/t0007_scope_unaware_planandsolve_library/code/test_planandsolve.py::test_parse_plan_malformed_raises PASSED [ 35%]
tasks/t0007_scope_unaware_planandsolve_library/code/test_planandsolve.py::test_scripted_model_round_trip PASSED [ 42%]
tasks/t0007_scope_unaware_planandsolve_library/code/test_planandsolve.py::test_sequential_execution PASSED [ 50%]
tasks/t0007_scope_unaware_planandsolve_library/code/test_planandsolve.py::test_granularity_unspecified PASSED [ 57%]
tasks/t0007_scope_unaware_planandsolve_library/code/test_planandsolve.py::test_finish_detection_final_answer PASSED [ 64%]
tasks/t0007_scope_unaware_planandsolve_library/code/test_planandsolve.py::test_trajectory_schema_parity PASSED [ 71%]
tasks/t0007_scope_unaware_planandsolve_library/code/test_planandsolve.py::test_thought_only_step PASSED [ 78%]
tasks/t0007_scope_unaware_planandsolve_library/code/test_planandsolve.py::test_unknown_tool_yields_error_observation PASSED [ 85%]
tasks/t0007_scope_unaware_planandsolve_library/code/test_planandsolve.py::test_max_steps_halts_loop PASSED [ 92%]
tasks/t0007_scope_unaware_planandsolve_library/code/test_planandsolve.py::test_malformed_planner_output_propagates PASSED [100%]

============================== 14 passed in 0.03s ==============================
