============================= test session starts ==============================
platform darwin -- Python 3.13.11, pytest-9.0.3, pluggy-1.6.0
rootdir: /Users/anaderi/git/reasoning-scale2-worktrees/t0007_scope_unaware_planandsolve_library
configfile: pyproject.toml
plugins: anyio-4.13.0
collected 14 items

tasks/t0007_scope_unaware_planandsolve_library/code/test_planandsolve.py . [  7%]
.............                                                            [100%]

============================== 14 passed in 0.02s ==============================
